\BOOKMARK [0][-]{chapter.1}{\376\377\001\132\000r\000o\000d\000o\000w\000i\000s\000k\000o\000\040\000u\000r\000u\000c\000h\000o\000m\000i\000e\000n\000i\000o\000w\000e\000\040\000i\000\040\000k\000o\000n\000f\000i\000g\000u\000r\000a\000c\000j\000a}{}% 1
\BOOKMARK [1][-]{section.1.1}{\376\377\000W\000y\000b\000\363\000r\000\040\000s\000y\000s\000t\000e\000m\000u\000\040\000z\000a\000r\000z\001\005\000d\000z\000a\000n\000i\000a\000\040\000b\000a\000z\001\005\000\040\000d\000a\000n\000y\000c\000h}{chapter.1}% 2
\BOOKMARK [1][-]{section.1.2}{\376\377\001\132\000r\000o\000d\000o\000w\000i\000s\000k\000o\000\040\000d\000e\000w\000e\000l\000o\000p\000e\000r\000s\000k\000i\000e}{chapter.1}% 3
\BOOKMARK [2][-]{subsection.1.2.1}{\376\377\000D\000o\000c\000k\000e\000r\000\040\000/\000\040\000L\000a\000r\000a\000v\000e\000l\000\040\000S\000a\000i\000l}{section.1.2}% 4
\BOOKMARK [2][-]{subsection.1.2.2}{\376\377\000D\000e\000v\000\040\000C\000o\000n\000t\000a\000i\000n\000e\000r}{section.1.2}% 5
\BOOKMARK [2][-]{subsection.1.2.3}{\376\377\000H\000a\000k\000i\000\040\000p\000r\000e\000-\000c\000o\000m\000m\000i\000t}{section.1.2}% 6
\BOOKMARK [0][-]{chapter.2}{\376\377\000O\000p\000i\000s\000\040\000s\000t\000r\000u\000k\000t\000u\000r\000y\000\040\000b\000a\000z\000y\000\040\000d\000a\000n\000y\000c\000h}{}% 7
\BOOKMARK [1][-]{section.2.1}{\376\377\000S\000y\000s\000t\000e\000m\000\040\000z\000a\000r\000z\001\005\000d\000z\000a\000n\000i\000a\000\040\000b\000a\000z\001\005\000\040\000d\000a\000n\000y\000c\000h}{chapter.2}% 8
\BOOKMARK [1][-]{section.2.2}{\376\377\000T\000a\000b\000e\000l\000e\000\040\000a\000p\000l\000i\000k\000a\000c\000y\000j\000n\000e}{chapter.2}% 9
\BOOKMARK [2][-]{subsection.2.2.1}{\376\377\000T\000a\000b\000e\000l\000a\000\040\000u\000s\000e\000r\000s}{section.2.2}% 10
\BOOKMARK [2][-]{subsection.2.2.2}{\376\377\000T\000a\000b\000e\000l\000a\000\040\000a\000c\000t\000i\000v\000i\000t\000i\000e\000s}{section.2.2}% 11
\BOOKMARK [2][-]{subsection.2.2.3}{\376\377\000T\000a\000b\000e\000l\000a\000\040\000a\000c\000t\000i\000v\000i\000t\000y\000\137\000g\000p\000x}{section.2.2}% 12
\BOOKMARK [2][-]{subsection.2.2.4}{\376\377\000T\000a\000b\000e\000l\000a\000\040\000a\000c\000t\000i\000v\000i\000t\000y\000\137\000l\000o\000g\000s}{section.2.2}% 13
\BOOKMARK [1][-]{section.2.3}{\376\377\000T\000a\000b\000e\000l\000e\000\040\000s\000y\000s\000t\000e\000m\000o\000w\000e\000\040\000L\000a\000r\000a\000v\000e\000l}{chapter.2}% 14
\BOOKMARK [2][-]{subsection.2.3.1}{\376\377\000T\000a\000b\000e\000l\000a\000\040\000s\000e\000s\000s\000i\000o\000n\000s}{section.2.3}% 15
\BOOKMARK [2][-]{subsection.2.3.2}{\376\377\000T\000a\000b\000e\000l\000a\000\040\000j\000o\000b\000s\000\040\000i\000\040\000f\000a\000i\000l\000e\000d\000\137\000j\000o\000b\000s}{section.2.3}% 16
\BOOKMARK [2][-]{subsection.2.3.3}{\376\377\000T\000a\000b\000e\000l\000a\000\040\000c\000a\000c\000h\000e}{section.2.3}% 17
\BOOKMARK [2][-]{subsection.2.3.4}{\376\377\000T\000a\000b\000e\000l\000a\000\040\000p\000a\000s\000s\000w\000o\000r\000d\000\137\000r\000e\000s\000e\000t\000\137\000t\000o\000k\000e\000n\000s}{section.2.3}% 18
\BOOKMARK [1][-]{section.2.4}{\376\377\000D\000i\000a\000g\000r\000a\000m\000\040\000r\000e\000l\000a\000c\000j\000i\000\040\000e\000n\000c\000j\000i}{chapter.2}% 19
\BOOKMARK [1][-]{section.2.5}{\376\377\000W\000i\001\031\000z\000y\000\040\000i\000n\000t\000e\000g\000r\000a\000l\000n\000o\001\133\000c\000i}{chapter.2}% 20
\BOOKMARK [2][-]{subsection.2.5.1}{\376\377\000K\000l\000u\000c\000z\000e\000\040\000o\000b\000c\000e\000\040\000i\000\040\000u\000s\000u\000w\000a\000n\000i\000e\000\040\000k\000a\000s\000k\000a\000d\000o\000w\000e}{section.2.5}% 21
\BOOKMARK [2][-]{subsection.2.5.2}{\376\377\000O\000g\000r\000a\000n\000i\000c\000z\000e\000n\000i\000a\000\040\000u\000n\000i\000k\000a\000l\000n\000o\001\133\000c\000i}{section.2.5}% 22
\BOOKMARK [2][-]{subsection.2.5.3}{\376\377\000I\000n\000d\000e\000k\000s\000y}{section.2.5}% 23
\BOOKMARK [1][-]{section.2.6}{\376\377\000I\000t\000e\000r\000a\000c\000y\000j\000n\000y\000\040\000r\000o\000z\000w\000\363\000j\000\040\000s\000c\000h\000e\000m\000a\000t\000u\000\040\000b\000a\000z\000y\000\040\000d\000a\000n\000y\000c\000h}{chapter.2}% 24
\BOOKMARK [1][-]{section.2.7}{\376\377\000S\000e\000e\000d\000e\000r\000y\000\040\000i\000\040\000d\000a\000n\000e\000\040\000t\000e\000s\000t\000o\000w\000e}{chapter.2}% 25
\BOOKMARK [2][-]{subsection.2.7.1}{\376\377\000D\000a\000t\000a\000b\000a\000s\000e\000S\000e\000e\000d\000e\000r}{section.2.7}% 26
\BOOKMARK [2][-]{subsection.2.7.2}{\376\377\000A\000c\000t\000i\000v\000i\000t\000y\000F\000a\000c\000t\000o\000r\000y}{section.2.7}% 27
\BOOKMARK [2][-]{subsection.2.7.3}{\376\377\000U\000r\000u\000c\000h\000o\000m\000i\000e\000n\000i\000e\000\040\000s\000e\000e\000d\000e\000r\000\363\000w}{section.2.7}% 28
\BOOKMARK [1][-]{section.2.8}{\376\377\000T\000e\000s\000t\000o\000w\000a\000n\000i\000e\000\040\000i\000\040\000o\000p\000t\000y\000m\000a\000l\000i\000z\000a\000c\000j\000a}{chapter.2}% 29
