\BOOKMARK [0][-]{chapter.1}{\376\377\000O\000p\000i\000s\000\040\000f\000u\000n\000k\000c\000j\000o\000n\000a\000l\000n\000y\000\040\000s\000y\000s\000t\000e\000m\000u}{}% 1
\BOOKMARK [1][-]{section.1.1}{\376\377\000C\000e\000l\000\040\000i\000\040\000z\000a\000k\000r\000e\000s\000\040\000p\000r\000o\000j\000e\000k\000t\000u}{chapter.1}% 2
\BOOKMARK [1][-]{section.1.2}{\376\377\000M\000o\000d\000u\001\102\000y\000\040\000f\000u\000n\000k\000c\000j\000o\000n\000a\000l\000n\000e}{chapter.1}% 3
\BOOKMARK [2][-]{subsection.1.2.1}{\376\377\000R\000e\000j\000e\000s\000t\000r\000a\000c\000j\000a\000\040\000i\000\040\000u\000w\000i\000e\000r\000z\000y\000t\000e\000l\000n\000i\000a\000n\000i\000e}{section.1.2}% 4
\BOOKMARK [2][-]{subsection.1.2.2}{\376\377\000Z\000a\000r\000z\001\005\000d\000z\000a\000n\000i\000e\000\040\000a\000k\000t\000y\000w\000n\000o\001\133\000c\000i\000a\000m\000i}{section.1.2}% 5
\BOOKMARK [2][-]{subsection.1.2.3}{\376\377\000I\000n\000t\000e\000g\000r\000a\000c\000j\000a\000\040\000z\000\040\000G\000a\000r\000m\000i\000n\000\040\000C\000o\000n\000n\000e\000c\000t}{section.1.2}% 6
\BOOKMARK [2][-]{subsection.1.2.4}{\376\377\000D\000a\000s\000h\000b\000o\000a\000r\000d\000\040\000i\000\040\000s\000t\000a\000t\000y\000s\000t\000y\000k\000i}{section.1.2}% 7
\BOOKMARK [2][-]{subsection.1.2.5}{\376\377\000W\000i\000z\000u\000a\000l\000i\000z\000a\000c\000j\000a\000\040\000t\000r\000a\000s\000y\000\040\000n\000a\000\040\000m\000a\000p\000i\000e}{section.1.2}% 8
\BOOKMARK [2][-]{subsection.1.2.6}{\376\377\000L\000o\000g\000i\000\040\000a\000k\000t\000y\000w\000n\000o\001\133\000c\000i\000\040\000u\001\174\000y\000t\000k\000o\000w\000n\000i\000k\000a}{section.1.2}% 9
\BOOKMARK [2][-]{subsection.1.2.7}{\376\377\000I\000n\000t\000e\000r\000n\000a\000c\000j\000o\000n\000a\000l\000i\000z\000a\000c\000j\000a}{section.1.2}% 10
\BOOKMARK [2][-]{subsection.1.2.8}{\376\377\000P\000r\000o\000f\000i\000l\000\040\000u\001\174\000y\000t\000k\000o\000w\000n\000i\000k\000a}{section.1.2}% 11
\BOOKMARK [1][-]{section.1.3}{\376\377\000D\000i\000a\000g\000r\000a\000m\000\040\000p\000r\000z\000e\000p\001\102\000y\000w\000u\000\040\000u\001\174\000y\000t\000k\000o\000w\000n\000i\000k\000a}{chapter.1}% 12
\BOOKMARK [0][-]{chapter.2}{\376\377\000O\000p\000i\000s\000\040\000t\000e\000c\000h\000n\000o\000l\000o\000g\000i\000c\000z\000n\000y}{}% 13
\BOOKMARK [1][-]{section.2.1}{\376\377\000A\000r\000c\000h\000i\000t\000e\000k\000t\000u\000r\000a\000\040\000o\000g\000\363\000l\000n\000a}{chapter.2}% 14
\BOOKMARK [1][-]{section.2.2}{\376\377\000B\000a\000c\000k\000e\000n\000d}{chapter.2}% 15
\BOOKMARK [2][-]{subsection.2.2.1}{\376\377\000L\000a\000r\000a\000v\000e\000l\000\040\0001\0002}{section.2.2}% 16
\BOOKMARK [2][-]{subsection.2.2.2}{\376\377\000W\000z\000o\000r\000z\000e\000c\000\040\000C\000o\000n\000t\000r\000o\000l\000l\000e\000r\040\023\000S\000e\000r\000v\000i\000c\000e}{section.2.2}% 17
\BOOKMARK [2][-]{subsection.2.2.3}{\376\377\000I\000n\000e\000r\000t\000i\000a\000.\000j\000s}{section.2.2}% 18
\BOOKMARK [2][-]{subsection.2.2.4}{\376\377\000K\000l\000u\000c\000z\000o\000w\000e\000\040\000s\000e\000r\000w\000i\000s\000y}{section.2.2}% 19
\BOOKMARK [3][-]{subsubsection.2.2.4.1}{\376\377\000G\000a\000r\000m\000i\000n\000S\000e\000r\000v\000i\000c\000e}{subsection.2.2.4}% 20
\BOOKMARK [3][-]{subsubsection.2.2.4.2}{\376\377\000G\000p\000x\000P\000a\000r\000s\000e\000r}{subsection.2.2.4}% 21
\BOOKMARK [3][-]{subsubsection.2.2.4.3}{\376\377\000D\000a\000s\000h\000b\000o\000a\000r\000d\000S\000e\000r\000v\000i\000c\000e}{subsection.2.2.4}% 22
\BOOKMARK [3][-]{subsubsection.2.2.4.4}{\376\377\000A\000c\000t\000i\000v\000i\000t\000y\000L\000o\000g\000g\000e\000r}{subsection.2.2.4}% 23
\BOOKMARK [2][-]{subsection.2.2.5}{\376\377\000U\000w\000i\000e\000r\000z\000y\000t\000e\000l\000n\000i\000a\000n\000i\000e}{section.2.2}% 24
\BOOKMARK [1][-]{section.2.3}{\376\377\000F\000r\000o\000n\000t\000e\000n\000d}{chapter.2}% 25
\BOOKMARK [2][-]{subsection.2.3.1}{\376\377\000V\000u\000e\000\040\0003\000\040\000+\000\040\000T\000y\000p\000e\000S\000c\000r\000i\000p\000t}{section.2.3}% 26
\BOOKMARK [2][-]{subsection.2.3.2}{\376\377\000K\000l\000u\000c\000z\000o\000w\000e\000\040\000b\000i\000b\000l\000i\000o\000t\000e\000k\000i\000\040\000f\000r\000o\000n\000t\000e\000n\000d\000o\000w\000e}{section.2.3}% 27
\BOOKMARK [2][-]{subsection.2.3.3}{\376\377\000S\000t\000r\000u\000k\000t\000u\000r\000a\000\040\000p\000l\000i\000k\000\363\000w\000\040\000f\000r\000o\000n\000t\000e\000n\000d\000o\000w\000y\000c\000h}{section.2.3}% 28
\BOOKMARK [2][-]{subsection.2.3.4}{\376\377\000K\000o\000n\000w\000e\000n\000c\000j\000e\000\040\000f\000r\000o\000n\000t\000e\000n\000d\000o\000w\000e}{section.2.3}% 29
\BOOKMARK [1][-]{section.2.4}{\376\377\001\132\000r\000o\000d\000o\000w\000i\000s\000k\000o\000\040\000d\000e\000w\000e\000l\000o\000p\000e\000r\000s\000k\000i\000e}{chapter.2}% 30
\BOOKMARK [2][-]{subsection.2.4.1}{\376\377\000D\000o\000c\000k\000e\000r\000\040\000/\000\040\000L\000a\000r\000a\000v\000e\000l\000\040\000S\000a\000i\000l}{section.2.4}% 31
\BOOKMARK [2][-]{subsection.2.4.2}{\376\377\000D\000e\000v\000\040\000C\000o\000n\000t\000a\000i\000n\000e\000r}{section.2.4}% 32
\BOOKMARK [2][-]{subsection.2.4.3}{\376\377\000H\000a\000k\000i\000\040\000p\000r\000e\000-\000c\000o\000m\000m\000i\000t}{section.2.4}% 33
\BOOKMARK [0][-]{chapter.3}{\376\377\000D\000i\000a\000g\000r\000a\000m\000y\000\040\000U\000M\000L}{}% 34
\BOOKMARK [1][-]{section.3.1}{\376\377\000D\000i\000a\000g\000r\000a\000m\000\040\000p\000r\000z\000y\000p\000a\000d\000k\000\363\000w\000\040\000u\001\174\000y\000c\000i\000a\000\040\000\050\000U\000s\000e\000-\000C\000a\000s\000e\000\051}{chapter.3}% 35
\BOOKMARK [1][-]{section.3.2}{\376\377\000D\000i\000a\000g\000r\000a\000m\000\040\000c\000z\000y\000n\000n\000o\001\133\000c\000i\000\040\000\050\000A\000c\000t\000i\000v\000i\000t\000y\000\051}{chapter.3}% 36
\BOOKMARK [1][-]{section.3.3}{\376\377\000D\000i\000a\000g\000r\000a\000m\000\040\000k\000l\000a\000s\000\040\000\050\000C\000l\000a\000s\000s\000\051}{chapter.3}% 37
\BOOKMARK [1][-]{section.3.4}{\376\377\000D\000i\000a\000g\000r\000a\000m\000\040\000s\000e\000k\000w\000e\000n\000c\000j\000i\000\040\000\050\000S\000e\000q\000u\000e\000n\000c\000e\000\051}{chapter.3}% 38
\BOOKMARK [0][-]{chapter.4}{\376\377\000O\000p\000i\000s\000\040\000s\000t\000r\000u\000k\000t\000u\000r\000y\000\040\000b\000a\000z\000y\000\040\000d\000a\000n\000y\000c\000h}{}% 39
\BOOKMARK [1][-]{section.4.1}{\376\377\000S\000y\000s\000t\000e\000m\000\040\000z\000a\000r\000z\001\005\000d\000z\000a\000n\000i\000a\000\040\000b\000a\000z\001\005\000\040\000d\000a\000n\000y\000c\000h}{chapter.4}% 40
\BOOKMARK [1][-]{section.4.2}{\376\377\000T\000a\000b\000e\000l\000e\000\040\000a\000p\000l\000i\000k\000a\000c\000y\000j\000n\000e}{chapter.4}% 41
\BOOKMARK [2][-]{subsection.4.2.1}{\376\377\000T\000a\000b\000e\000l\000a\000\040\000u\000s\000e\000r\000s}{section.4.2}% 42
\BOOKMARK [2][-]{subsection.4.2.2}{\376\377\000T\000a\000b\000e\000l\000a\000\040\000a\000c\000t\000i\000v\000i\000t\000i\000e\000s}{section.4.2}% 43
\BOOKMARK [2][-]{subsection.4.2.3}{\376\377\000T\000a\000b\000e\000l\000a\000\040\000a\000c\000t\000i\000v\000i\000t\000y\000\137\000g\000p\000x}{section.4.2}% 44
\BOOKMARK [2][-]{subsection.4.2.4}{\376\377\000T\000a\000b\000e\000l\000a\000\040\000a\000c\000t\000i\000v\000i\000t\000y\000\137\000l\000o\000g\000s}{section.4.2}% 45
\BOOKMARK [1][-]{section.4.3}{\376\377\000T\000a\000b\000e\000l\000e\000\040\000s\000y\000s\000t\000e\000m\000o\000w\000e\000\040\000L\000a\000r\000a\000v\000e\000l}{chapter.4}% 46
\BOOKMARK [2][-]{subsection.4.3.1}{\376\377\000T\000a\000b\000e\000l\000a\000\040\000s\000e\000s\000s\000i\000o\000n\000s}{section.4.3}% 47
\BOOKMARK [2][-]{subsection.4.3.2}{\376\377\000T\000a\000b\000e\000l\000a\000\040\000j\000o\000b\000s\000\040\000i\000\040\000f\000a\000i\000l\000e\000d\000\137\000j\000o\000b\000s}{section.4.3}% 48
\BOOKMARK [2][-]{subsection.4.3.3}{\376\377\000T\000a\000b\000e\000l\000a\000\040\000c\000a\000c\000h\000e}{section.4.3}% 49
\BOOKMARK [2][-]{subsection.4.3.4}{\376\377\000T\000a\000b\000e\000l\000a\000\040\000p\000a\000s\000s\000w\000o\000r\000d\000\137\000r\000e\000s\000e\000t\000\137\000t\000o\000k\000e\000n\000s}{section.4.3}% 50
\BOOKMARK [1][-]{section.4.4}{\376\377\000D\000i\000a\000g\000r\000a\000m\000\040\000r\000e\000l\000a\000c\000j\000i\000\040\000e\000n\000c\000j\000i}{chapter.4}% 51
\BOOKMARK [1][-]{section.4.5}{\376\377\000W\000i\001\031\000z\000y\000\040\000i\000n\000t\000e\000g\000r\000a\000l\000n\000o\001\133\000c\000i}{chapter.4}% 52
\BOOKMARK [2][-]{subsection.4.5.1}{\376\377\000K\000l\000u\000c\000z\000e\000\040\000o\000b\000c\000e\000\040\000i\000\040\000u\000s\000u\000w\000a\000n\000i\000e\000\040\000k\000a\000s\000k\000a\000d\000o\000w\000e}{section.4.5}% 53
\BOOKMARK [2][-]{subsection.4.5.2}{\376\377\000O\000g\000r\000a\000n\000i\000c\000z\000e\000n\000i\000a\000\040\000u\000n\000i\000k\000a\000l\000n\000o\001\133\000c\000i}{section.4.5}% 54
\BOOKMARK [2][-]{subsection.4.5.3}{\376\377\000I\000n\000d\000e\000k\000s\000y}{section.4.5}% 55
\BOOKMARK [1][-]{section.4.6}{\376\377\000I\000t\000e\000r\000a\000c\000y\000j\000n\000y\000\040\000r\000o\000z\000w\000\363\000j\000\040\000s\000c\000h\000e\000m\000a\000t\000u\000\040\000b\000a\000z\000y\000\040\000d\000a\000n\000y\000c\000h}{chapter.4}% 56
\BOOKMARK [1][-]{section.4.7}{\376\377\000S\000e\000e\000d\000e\000r\000y\000\040\000i\000\040\000d\000a\000n\000e\000\040\000t\000e\000s\000t\000o\000w\000e}{chapter.4}% 57
\BOOKMARK [2][-]{subsection.4.7.1}{\376\377\000D\000a\000t\000a\000b\000a\000s\000e\000S\000e\000e\000d\000e\000r}{section.4.7}% 58
\BOOKMARK [2][-]{subsection.4.7.2}{\376\377\000A\000c\000t\000i\000v\000i\000t\000y\000F\000a\000c\000t\000o\000r\000y}{section.4.7}% 59
\BOOKMARK [2][-]{subsection.4.7.3}{\376\377\000U\000r\000u\000c\000h\000o\000m\000i\000e\000n\000i\000e\000\040\000s\000e\000e\000d\000e\000r\000\363\000w}{section.4.7}% 60
\BOOKMARK [0][-]{chapter.5}{\376\377\000W\000d\000r\000o\001\174\000o\000n\000e\000\040\000z\000a\000g\000a\000d\000n\000i\000e\000n\000i\000a\000\040\000k\000w\000a\000l\000i\000f\000i\000k\000a\000c\000y\000j\000n\000e}{}% 61
\BOOKMARK [1][-]{section.5.1}{\376\377\000A\000r\000c\000h\000i\000t\000e\000k\000t\000u\000r\000a\000\040\000i\000\040\000w\000z\000o\000r\000c\000e\000\040\000p\000r\000o\000j\000e\000k\000t\000o\000w\000e}{chapter.5}% 62
\BOOKMARK [1][-]{section.5.2}{\376\377\000B\000e\000z\000p\000i\000e\000c\000z\000e\001\104\000s\000t\000w\000o}{chapter.5}% 63
\BOOKMARK [1][-]{section.5.3}{\376\377\000I\000n\000t\000e\000g\000r\000a\000c\000j\000e\000\040\000z\000e\000w\000n\001\031\000t\000r\000z\000n\000e}{chapter.5}% 64
\BOOKMARK [1][-]{section.5.4}{\376\377\000F\000r\000o\000n\000t\000e\000n\000d\000\040\000i\000\040\000U\000X}{chapter.5}% 65
\BOOKMARK [1][-]{section.5.5}{\376\377\000J\000a\000k\000o\001\133\001\007\000\040\000k\000o\000d\000u\000\040\000i\000\040\000D\000e\000v\000O\000p\000s}{chapter.5}% 66
\BOOKMARK [1][-]{section.5.6}{\376\377\000T\000e\000s\000t\000o\000w\000a\000n\000i\000e\000\040\000i\000\040\000o\000p\000t\000y\000m\000a\000l\000i\000z\000a\000c\000j\000a}{chapter.5}% 67
\BOOKMARK [0][-]{chapter.6}{\376\377\000I\000n\000s\000t\000r\000u\000k\000c\000j\000a\000\040\000u\000r\000u\000c\000h\000o\000m\000i\000e\000n\000i\000a\000\040\000s\000y\000s\000t\000e\000m\000u}{}% 68
\BOOKMARK [1][-]{section.6.1}{\376\377\000W\000y\000m\000a\000g\000a\000n\000i\000a\000\040\000w\000s\000t\001\031\000p\000n\000e}{chapter.6}% 69
\BOOKMARK [2][-]{subsection.6.1.1}{\376\377\000U\000r\000u\000c\000h\000o\000m\000i\000e\000n\000i\000e\000\040\000l\000o\000k\000a\000l\000n\000e\000\040\000\050\000D\000e\000v\000\040\000C\000o\000n\000t\000a\000i\000n\000e\000r\000\051}{section.6.1}% 70
\BOOKMARK [2][-]{subsection.6.1.2}{\376\377\000U\000r\000u\000c\000h\000o\000m\000i\000e\000n\000i\000e\000\040\000z\000d\000a\000l\000n\000e\000\040\000/\000\040\000p\000r\000o\000d\000u\000k\000c\000y\000j\000n\000e}{section.6.1}% 71
\BOOKMARK [1][-]{section.6.2}{\376\377\000U\000r\000u\000c\000h\000o\000m\000i\000e\000n\000i\000e\000\040\000l\000o\000k\000a\000l\000n\000e\000\040\000\050\000D\000e\000v\000\040\000C\000o\000n\000t\000a\000i\000n\000e\000r\000\040\040\023\000\040\000z\000a\000l\000e\000c\000a\000n\000e\000\051}{chapter.6}% 72
\BOOKMARK [2][-]{subsection.6.2.1}{\376\377\000K\000r\000o\000k\000\040\0001\000:\000\040\000S\000k\000l\000o\000n\000o\000w\000a\000n\000i\000e\000\040\000r\000e\000p\000o\000z\000y\000t\000o\000r\000i\000u\000m}{section.6.2}% 73
\BOOKMARK [2][-]{subsection.6.2.2}{\376\377\000K\000r\000o\000k\000\040\0002\000:\000\040\000I\000n\000i\000c\000j\000a\000l\000i\000z\000a\000c\000j\000a\000\040\001\133\000r\000o\000d\000o\000w\000i\000s\000k\000a}{section.6.2}% 74
\BOOKMARK [2][-]{subsection.6.2.3}{\376\377\000K\000r\000o\000k\000\040\0003\000:\000\040\000O\000t\000w\000a\000r\000c\000i\000e\000\040\000w\000\040\000k\000o\000n\000t\000e\000n\000e\000r\000z\000e}{section.6.2}% 75
\BOOKMARK [2][-]{subsection.6.2.4}{\376\377\000K\000r\000o\000k\000\040\0004\000:\000\040\000M\000i\000g\000r\000a\000c\000j\000a\000\040\000b\000a\000z\000y\000\040\000d\000a\000n\000y\000c\000h}{section.6.2}% 76
\BOOKMARK [2][-]{subsection.6.2.5}{\376\377\000K\000r\000o\000k\000\040\0005\000:\000\040\000U\000r\000u\000c\000h\000o\000m\000i\000e\000n\000i\000e\000\040\000s\000e\000r\000w\000e\000r\000a\000\040\000d\000e\000w\000e\000l\000o\000p\000e\000r\000s\000k\000i\000e\000g\000o}{section.6.2}% 77
\BOOKMARK [2][-]{subsection.6.2.6}{\376\377\000A\000l\000t\000e\000r\000n\000a\000t\000y\000w\000n\000e\000\040\000u\000r\000u\000c\000h\000o\000m\000i\000e\000n\000i\000e\000\040\000p\000r\000z\000e\000z\000\040\000F\0005}{section.6.2}% 78
\BOOKMARK [1][-]{section.6.3}{\376\377\000K\000o\000n\000f\000i\000g\000u\000r\000a\000c\000j\000a\000\040\000i\000n\000t\000e\000g\000r\000a\000c\000j\000i\000\040\000G\000a\000r\000m\000i\000n\000\040\000\050\000o\000p\000c\000j\000o\000n\000a\000l\000n\000e\000\051}{chapter.6}% 79
\BOOKMARK [1][-]{section.6.4}{\376\377\000U\000r\000u\000c\000h\000o\000m\000i\000e\000n\000i\000e\000\040\000z\000d\000a\000l\000n\000e\000\040\000/\000\040\000p\000r\000o\000d\000u\000k\000c\000y\000j\000n\000e}{chapter.6}% 80
\BOOKMARK [2][-]{subsection.6.4.1}{\376\377\000K\000r\000o\000k\000\040\0001\000:\000\040\000P\000r\000z\000y\000g\000o\000t\000o\000w\000a\000n\000i\000e\000\040\000s\000e\000r\000w\000e\000r\000a}{section.6.4}% 81
\BOOKMARK [2][-]{subsection.6.4.2}{\376\377\000K\000r\000o\000k\000\040\0002\000:\000\040\000S\000k\000l\000o\000n\000o\000w\000a\000n\000i\000e\000\040\000i\000\040\000k\000o\000n\000f\000i\000g\000u\000r\000a\000c\000j\000a}{section.6.4}% 82
\BOOKMARK [2][-]{subsection.6.4.3}{\376\377\000K\000r\000o\000k\000\040\0003\000:\000\040\000K\000o\000n\000f\000i\000g\000u\000r\000a\000c\000j\000a\000\040\000z\000m\000i\000e\000n\000n\000y\000c\000h\000\040\001\133\000r\000o\000d\000o\000w\000i\000s\000k\000o\000w\000y\000c\000h}{section.6.4}% 83
\BOOKMARK [2][-]{subsection.6.4.4}{\376\377\000K\000r\000o\000k\000\040\0004\000:\000\040\000I\000n\000s\000t\000a\000l\000a\000c\000j\000a\000\040\000z\000a\000l\000e\001\174\000n\000o\001\133\000c\000i\000\040\000i\000\040\000b\000u\000i\000l\000d}{section.6.4}% 84
\BOOKMARK [2][-]{subsection.6.4.5}{\376\377\000K\000r\000o\000k\000\040\0005\000:\000\040\000K\000o\000n\000f\000i\000g\000u\000r\000a\000c\000j\000a\000\040\000s\000e\000r\000w\000e\000r\000a\000\040\000W\000W\000W}{section.6.4}% 85
\BOOKMARK [2][-]{subsection.6.4.6}{\376\377\000K\000r\000o\000k\000\040\0006\000:\000\040\000U\000r\000u\000c\000h\000o\000m\000i\000e\000n\000i\000e\000\040\000w\000o\000r\000k\000e\000r\000a\000\040\000k\000o\000l\000e\000j\000k\000i}{section.6.4}% 86
\BOOKMARK [2][-]{subsection.6.4.7}{\376\377\000K\000r\000o\000k\000\040\0007\000:\000\040\000U\000p\000r\000a\000w\000n\000i\000e\000n\000i\000a\000\040\000k\000a\000t\000a\000l\000o\000g\000\363\000w}{section.6.4}% 87
\BOOKMARK [1][-]{section.6.5}{\376\377\000P\000r\000z\000y\000d\000a\000t\000n\000e\000\040\000k\000o\000m\000e\000n\000d\000y}{chapter.6}% 88
\BOOKMARK [0][-]{chapter.7}{\376\377\000D\000o\000k\000u\000m\000e\000n\000t\000a\000c\000j\000a\000\040\000u\001\174\000y\000t\000k\000o\000w\000a}{}% 89
\BOOKMARK [1][-]{section.7.1}{\376\377\000O\000p\000i\000s\000\040\000f\000u\000n\000k\000c\000j\000i\000\040\000i\000\040\000m\000o\001\174\000l\000i\000w\000o\001\133\000c\000i}{chapter.7}% 90
\BOOKMARK [1][-]{section.7.2}{\376\377\000I\000n\000s\000t\000r\000u\000k\000c\000j\000a\000\040\000o\000b\000s\001\102\000u\000g\000i}{chapter.7}% 91
\BOOKMARK [2][-]{subsection.7.2.1}{\376\377\000R\000e\000j\000e\000s\000t\000r\000a\000c\000j\000a\000\040\000i\000\040\000p\000i\000e\000r\000w\000s\000z\000e\000\040\000l\000o\000g\000o\000w\000a\000n\000i\000e}{section.7.2}% 92
\BOOKMARK [2][-]{subsection.7.2.2}{\376\377\000D\000o\000d\000a\000w\000a\000n\000i\000e\000\040\000a\000k\000t\000y\000w\000n\000o\001\133\000c\000i\000\040\000r\001\031\000c\000z\000n\000i\000e}{section.7.2}% 93
\BOOKMARK [2][-]{subsection.7.2.3}{\376\377\000I\000m\000p\000o\000r\000t\000\040\000a\000k\000t\000y\000w\000n\000o\001\133\000c\000i\000\040\000z\000\040\000p\000l\000i\000k\000u\000\040\000G\000P\000X}{section.7.2}% 94
\BOOKMARK [2][-]{subsection.7.2.4}{\376\377\000S\000y\000n\000c\000h\000r\000o\000n\000i\000z\000a\000c\000j\000a\000\040\000z\000\040\000G\000a\000r\000m\000i\000n\000\040\000C\000o\000n\000n\000e\000c\000t}{section.7.2}% 95
\BOOKMARK [2][-]{subsection.7.2.5}{\376\377\000P\000r\000z\000e\000g\000l\001\005\000d\000a\000n\000i\000e\000\040\000a\000k\000t\000y\000w\000n\000o\001\133\000c\000i}{section.7.2}% 96
\BOOKMARK [1][-]{section.7.3}{\376\377\000P\000y\000t\000a\000n\000i\000a\000\040\000i\000\040\000o\000d\000p\000o\000w\000i\000e\000d\000z\000i\000\040\000\050\000F\000A\000Q\000\051}{chapter.7}% 97
\BOOKMARK [0][-]{chapter.8}{\376\377\000W\000n\000i\000o\000s\000k\000i\000\040\000p\000r\000o\000j\000e\000k\000t\000o\000w\000e}{}% 98
\BOOKMARK [1][-]{section.8.1}{\376\377\000P\000o\000d\000s\000u\000m\000o\000w\000a\000n\000i\000e\000\040\000r\000e\000a\000l\000i\000z\000a\000c\000j\000i\000\040\000p\000r\000o\000j\000e\000k\000t\000u}{chapter.8}% 99
\BOOKMARK [1][-]{section.8.2}{\376\377\000K\000l\000u\000c\000z\000o\000w\000e\000\040\000w\000n\000i\000o\000s\000k\000i}{chapter.8}% 100
\BOOKMARK [2][-]{subsection.8.2.1}{\376\377\000B\000e\000z\000p\000o\001\133\000r\000e\000d\000n\000i\000a\000\040\000k\000o\000m\000u\000n\000i\000k\000a\000c\000j\000a\000\040\000z\000e\000s\000p\000o\001\102\000u\000\040\000j\000a\000k\000o\000\040\000f\000u\000n\000d\000a\000m\000e\000n\000t\000\040\000p\000r\000o\000j\000e\000k\000t\000u}{section.8.2}% 101
\BOOKMARK [2][-]{subsection.8.2.2}{\376\377\000I\000t\000e\000r\000a\000c\000y\000j\000n\000a\000\040\000p\000r\000a\000c\000a\000\040\000z\000\040\000m\000a\001\102\000y\000m\000i\000\040\000p\000r\000z\000y\000r\000o\000s\000t\000a\000m\000i}{section.8.2}% 102
\BOOKMARK [2][-]{subsection.8.2.3}{\376\377\000P\000r\000a\000c\000a\000\040\000z\000e\000s\000p\000o\001\102\000o\000w\000a\000\040\000j\000a\000k\000o\000\040\000a\000k\000c\000e\000l\000e\000r\000a\000t\000o\000r\000\040\000s\000k\000a\000l\000i\000\040\000i\000\040\000j\000a\000k\000o\001\133\000c\000i}{section.8.2}% 103
\BOOKMARK [2][-]{subsection.8.2.4}{\376\377\000A\000g\000e\000n\000c\000i\000\040\000A\000I\000\040\000j\000a\000k\000o\000\040\000k\000a\000t\000a\000l\000i\000z\000a\000t\000o\000r\000\040\000p\000r\000o\000d\000u\000k\000t\000y\000w\000n\000o\001\133\000c\000i}{section.8.2}% 104
\BOOKMARK [1][-]{section.8.3}{\376\377\000R\000e\000k\000o\000m\000e\000n\000d\000a\000c\000j\000e\000\040\000n\000a\000\040\000p\000r\000z\000y\000s\000z\001\102\000o\001\133\001\007}{chapter.8}% 105
\BOOKMARK [1][-]{section.8.4}{\376\377\000Z\000a\000k\000o\001\104\000c\000z\000e\000n\000i\000e}{chapter.8}% 106
