\BOOKMARK [0][-]{chapter.1}{\376\377\000C\000h\000a\000r\000a\000k\000t\000e\000r\000y\000s\000t\000y\000k\000a\000\040\000s\000y\000s\000t\000e\000m\000u}{}% 1
\BOOKMARK [1][-]{section.1.1}{\376\377\000C\000e\000l\000\040\000i\000\040\000z\000a\000k\000r\000e\000s}{chapter.1}% 2
\BOOKMARK [1][-]{section.1.2}{\376\377\000W\000z\000o\000r\000z\000e\000c\000\040\000M\000V\000C\000\040\000z\000\040\000w\000a\000r\000s\000t\000w\001\005\000\040\000s\000e\000r\000w\000i\000s\000\363\000w}{chapter.1}% 3
\BOOKMARK [0][-]{chapter.2}{\376\377\000D\000i\000a\000g\000r\000a\000m\000y\000\040\000U\000M\000L}{}% 4
\BOOKMARK [1][-]{section.2.1}{\376\377\000D\000i\000a\000g\000r\000a\000m\000\040\000p\000r\000z\000y\000p\000a\000d\000k\000\363\000w\000\040\000u\001\174\000y\000c\000i\000a\000\040\000\050\000U\000s\000e\000-\000C\000a\000s\000e\000\051}{chapter.2}% 5
\BOOKMARK [1][-]{section.2.2}{\376\377\000D\000i\000a\000g\000r\000a\000m\000\040\000c\000z\000y\000n\000n\000o\001\133\000c\000i\000\040\000\050\000A\000c\000t\000i\000v\000i\000t\000y\000\051}{chapter.2}% 6
\BOOKMARK [1][-]{section.2.3}{\376\377\000D\000i\000a\000g\000r\000a\000m\000\040\000k\000l\000a\000s\000\040\000\050\000C\000l\000a\000s\000s\000\051}{chapter.2}% 7
\BOOKMARK [1][-]{section.2.4}{\376\377\000D\000i\000a\000g\000r\000a\000m\000\040\000s\000e\000k\000w\000e\000n\000c\000j\000i\000\040\000\050\000S\000e\000q\000u\000e\000n\000c\000e\000\051}{chapter.2}% 8
\BOOKMARK [0][-]{chapter.3}{\376\377\000O\000p\000i\000s\000\040\000i\000m\000p\000l\000e\000m\000e\000n\000t\000a\000c\000j\000i}{}% 9
\BOOKMARK [1][-]{section.3.1}{\376\377\000W\000z\000o\000r\000z\000e\000c\000\040\000C\000o\000n\000t\000r\000o\000l\000l\000e\000r\040\023\000S\000e\000r\000v\000i\000c\000e\000\040\000w\000\040\000p\000r\000a\000k\000t\000y\000c\000e}{chapter.3}% 10
\BOOKMARK [1][-]{section.3.2}{\376\377\000B\000a\000c\000k\000e\000n\000d}{chapter.3}% 11
\BOOKMARK [2][-]{subsection.3.2.1}{\376\377\000L\000a\000r\000a\000v\000e\000l\000\040\0001\0002}{section.3.2}% 12
\BOOKMARK [2][-]{subsection.3.2.2}{\376\377\000W\000z\000o\000r\000z\000e\000c\000\040\000C\000o\000n\000t\000r\000o\000l\000l\000e\000r\040\023\000S\000e\000r\000v\000i\000c\000e}{section.3.2}% 13
\BOOKMARK [2][-]{subsection.3.2.3}{\376\377\000I\000n\000e\000r\000t\000i\000a\000.\000j\000s}{section.3.2}% 14
\BOOKMARK [2][-]{subsection.3.2.4}{\376\377\000K\000l\000u\000c\000z\000o\000w\000e\000\040\000s\000e\000r\000w\000i\000s\000y}{section.3.2}% 15
\BOOKMARK [3][-]{subsubsection.3.2.4.1}{\376\377\000G\000a\000r\000m\000i\000n\000S\000e\000r\000v\000i\000c\000e}{subsection.3.2.4}% 16
\BOOKMARK [3][-]{subsubsection.3.2.4.2}{\376\377\000G\000p\000x\000P\000a\000r\000s\000e\000r}{subsection.3.2.4}% 17
\BOOKMARK [3][-]{subsubsection.3.2.4.3}{\376\377\000D\000a\000s\000h\000b\000o\000a\000r\000d\000S\000e\000r\000v\000i\000c\000e}{subsection.3.2.4}% 18
\BOOKMARK [3][-]{subsubsection.3.2.4.4}{\376\377\000A\000c\000t\000i\000v\000i\000t\000y\000L\000o\000g\000g\000e\000r}{subsection.3.2.4}% 19
\BOOKMARK [2][-]{subsection.3.2.5}{\376\377\000U\000w\000i\000e\000r\000z\000y\000t\000e\000l\000n\000i\000a\000n\000i\000e}{section.3.2}% 20
\BOOKMARK [0][-]{chapter.4}{\376\377\000D\000o\000k\000u\000m\000e\000n\000t\000a\000c\000j\000a\000\040\000u\001\174\000y\000t\000k\000o\000w\000a}{}% 21
\BOOKMARK [1][-]{section.4.1}{\376\377\000O\000p\000i\000s\000\040\000f\000u\000n\000k\000c\000j\000i\000\040\000i\000\040\000m\000o\001\174\000l\000i\000w\000o\001\133\000c\000i}{chapter.4}% 22
\BOOKMARK [1][-]{section.4.2}{\376\377\000I\000n\000s\000t\000r\000u\000k\000c\000j\000a\000\040\000o\000b\000s\001\102\000u\000g\000i}{chapter.4}% 23
\BOOKMARK [2][-]{subsection.4.2.1}{\376\377\000R\000e\000j\000e\000s\000t\000r\000a\000c\000j\000a\000\040\000i\000\040\000p\000i\000e\000r\000w\000s\000z\000e\000\040\000l\000o\000g\000o\000w\000a\000n\000i\000e}{section.4.2}% 24
\BOOKMARK [2][-]{subsection.4.2.2}{\376\377\000D\000o\000d\000a\000w\000a\000n\000i\000e\000\040\000a\000k\000t\000y\000w\000n\000o\001\133\000c\000i\000\040\000r\001\031\000c\000z\000n\000i\000e}{section.4.2}% 25
\BOOKMARK [2][-]{subsection.4.2.3}{\376\377\000I\000m\000p\000o\000r\000t\000\040\000a\000k\000t\000y\000w\000n\000o\001\133\000c\000i\000\040\000z\000\040\000p\000l\000i\000k\000u\000\040\000G\000P\000X}{section.4.2}% 26
\BOOKMARK [2][-]{subsection.4.2.4}{\376\377\000S\000y\000n\000c\000h\000r\000o\000n\000i\000z\000a\000c\000j\000a\000\040\000z\000\040\000G\000a\000r\000m\000i\000n\000\040\000C\000o\000n\000n\000e\000c\000t}{section.4.2}% 27
\BOOKMARK [2][-]{subsection.4.2.5}{\376\377\000P\000r\000z\000e\000g\000l\001\005\000d\000a\000n\000i\000e\000\040\000a\000k\000t\000y\000w\000n\000o\001\133\000c\000i}{section.4.2}% 28
\BOOKMARK [1][-]{section.4.3}{\376\377\000P\000y\000t\000a\000n\000i\000a\000\040\000i\000\040\000o\000d\000p\000o\000w\000i\000e\000d\000z\000i\000\040\000\050\000F\000A\000Q\000\051}{chapter.4}% 29
